[14:42:09] [main/INFO] [LaunchWrapper]: Loading tweak class name net.minecraftforge.fml.common.launcher.FMLTweaker
[14:42:09] [main/INFO] [LaunchWrapper]: Using primary tweak class name net.minecraftforge.fml.common.launcher.FMLTweaker
[14:42:09] [main/INFO] [LaunchWrapper]: Calling tweak class net.minecraftforge.fml.common.launcher.FMLTweaker
[14:42:09] [main/INFO] [FML]: Forge Mod Loader version 14.23.5.2836 for Minecraft 1.12.2 loading
[14:42:09] [main/INFO] [FML]: Java is Java HotSpot(TM) 64-Bit Server VM, version 1.8.0_191, running on Windows Server 2016:amd64:10.0, installed at C:\Program Files\Java\jre1.8.0_191
[14:42:10] [main/INFO] [FML]: Searching C:\multimc\MultiMC\instances\turbo-modpack\.minecraft\mods for mods
[14:42:10] [main/INFO] [FML]: Searching C:\multimc\MultiMC\instances\turbo-modpack\.minecraft\mods\1.12.2 for mods
[14:42:10] [main/WARN] [FML]: Found FMLCorePluginContainsFMLMod marker in AdChimneys-1.12.2-3.3.20.0-build.0277.jar. This is not recommended, @Mods should be in a separate jar from the coremod.
[14:42:10] [main/WARN] [FML]: The coremod com.endertech.minecraft.mods.adchimneys.LoadingPlugin does not have a MCVersion annotation, it may cause issues with this version of Minecraft
[14:42:10] [main/WARN] [FML]: The coremod LoadingPlugin (com.endertech.minecraft.mods.adchimneys.LoadingPlugin) is not signed!
[14:42:10] [main/WARN] [FML]: Found FMLCorePluginContainsFMLMod marker in AdPother-1.12.2-1.0.7.0-build.0296.jar. This is not recommended, @Mods should be in a separate jar from the coremod.
[14:42:10] [main/WARN] [FML]: The coremod com.endertech.minecraft.mods.adpother.LoadingPlugin does not have a MCVersion annotation, it may cause issues with this version of Minecraft
[14:42:10] [main/WARN] [FML]: The coremod LoadingPlugin (com.endertech.minecraft.mods.adpother.LoadingPlugin) is not signed!
[14:42:10] [main/WARN] [FML]: Found FMLCorePluginContainsFMLMod marker in AdvancedRocketry-1.12.2-1.5.0-139-universal.jar. This is not recommended, @Mods should be in a separate jar from the coremod.
[14:42:10] [main/WARN] [FML]: The coremod AdvancedRocketryPlugin (zmaster587.advancedRocketry.asm.AdvancedRocketryPlugin) is not signed!
[14:42:10] [main/WARN] [FML]: Found FMLCorePluginContainsFMLMod marker in Aroma1997Core-1.12.2-2.0.0.2.jar. This is not recommended, @Mods should be in a separate jar from the coremod.
[14:42:10] [main/WARN] [FML]: The coremod aroma1997.core.coremod.CoreMod does not have a MCVersion annotation, it may cause issues with this version of Minecraft
[14:42:10] [main/INFO] [FML]: Loading tweaker guichaguri.betterfps.tweaker.BetterFpsTweaker from BetterFps-1.4.8.jar
[14:42:10] [main/INFO] [FML]: Loading tweaker codechicken.asm.internal.Tweaker from ChickenASM-1.12-1.0.2.7.jar
[14:42:10] [main/WARN] [FML]: Found FMLCorePluginContainsFMLMod marker in CTM-MC1.12.2-0.3.3.22.jar. This is not recommended, @Mods should be in a separate jar from the coremod.
[14:42:10] [main/WARN] [FML]: The coremod team.chisel.ctm.client.asm.CTMCorePlugin does not have a MCVersion annotation, it may cause issues with this version of Minecraft
[14:42:10] [main/WARN] [FML]: The coremod CTMCorePlugin (team.chisel.ctm.client.asm.CTMCorePlugin) is not signed!
[14:42:10] [main/WARN] [FML]: Found FMLCorePluginContainsFMLMod marker in ExpandedEquivalence-1.12.2-11b.jar. This is not recommended, @Mods should be in a separate jar from the coremod.
[14:42:10] [main/WARN] [FML]: The coremod com.zeitheron.expequiv.core.EECore does not have a MCVersion annotation, it may cause issues with this version of Minecraft
[14:42:10] [main/WARN] [FML]: Found FMLCorePluginContainsFMLMod marker in ForgeEndertech-1.12.2-4.4.15.1-build.0295 (1).jar. This is not recommended, @Mods should be in a separate jar from the coremod.
[14:42:10] [main/WARN] [FML]: The coremod com.endertech.minecraft.forge.coremod.CorePlugin does not have a MCVersion annotation, it may cause issues with this version of Minecraft
[14:42:10] [main/WARN] [FML]: The coremod CorePlugin (com.endertech.minecraft.forge.coremod.CorePlugin) is not signed!
[14:42:10] [main/WARN] [FML]: Found FMLCorePluginContainsFMLMod marker in Forgelin-1.8.2.jar. This is not recommended, @Mods should be in a separate jar from the coremod.
[14:42:10] [main/WARN] [FML]: The coremod net.shadowfacts.forgelin.preloader.ForgelinPlugin does not have a MCVersion annotation, it may cause issues with this version of Minecraft
[14:42:10] [main/WARN] [FML]: The coremod ForgelinPlugin (net.shadowfacts.forgelin.preloader.ForgelinPlugin) is not signed!
[14:42:10] [main/WARN] [FML]: Found FMLCorePluginContainsFMLMod marker in HammerCore-1.12.2-2.0.4.4.jar. This is not recommended, @Mods should be in a separate jar from the coremod.
[14:42:10] [main/WARN] [FML]: Found FMLCorePluginContainsFMLMod marker in InventoryTweaks-1.63.jar. This is not recommended, @Mods should be in a separate jar from the coremod.
[14:42:10] [main/WARN] [FML]: The coremod invtweaks.forge.asm.FMLPlugin does not have a MCVersion annotation, it may cause issues with this version of Minecraft
[14:42:10] [main/INFO] [FML]: Loading tweaker org.spongepowered.asm.launch.MixinTweaker from JustEnoughIDs-1.0.2-26.jar
[14:42:10] [main/WARN] [FML]: Found FMLCorePluginContainsFMLMod marker in logisticspipes-0.10.1.112.jar. This is not recommended, @Mods should be in a separate jar from the coremod.
[14:42:10] [main/WARN] [FML]: The coremod logisticspipes.asm.LogisticsPipesCoreLoader does not have a MCVersion annotation, it may cause issues with this version of Minecraft
[14:42:10] [main/INFO] [FML]: Loading tweaker org.spongepowered.asm.launch.MixinTweaker from malisiscore-1.12.2-6.5.1.jar
[14:42:10] [main/INFO] [FML]: Loading tweaker org.spongepowered.asm.launch.MixinTweaker from movingworld-1.12-6.342-full.jar
[14:42:10] [main/WARN] [FML]: Found FMLCorePluginContainsFMLMod marker in NotEnoughIDs-1.5.4.4.jar. This is not recommended, @Mods should be in a separate jar from the coremod.
[14:42:10] [main/WARN] [FML]: The coremod ru.fewizz.neid.asm.Plugin does not have a MCVersion annotation, it may cause issues with this version of Minecraft
[14:42:10] [main/WARN] [FML]: The coremod Plugin (ru.fewizz.neid.asm.Plugin) is not signed!
[14:42:10] [main/WARN] [FML]: Found FMLCorePluginContainsFMLMod marker in OpenComputers-MC1.12.2-1.7.4.153.jar. This is not recommended, @Mods should be in a separate jar from the coremod.
[14:42:10] [main/WARN] [FML]: The coremod li.cil.oc.common.launch.TransformerLoader does not have a MCVersion annotation, it may cause issues with this version of Minecraft
[14:42:10] [main/WARN] [FML]: The coremod TransformerLoader (li.cil.oc.common.launch.TransformerLoader) is not signed!
[14:42:10] [main/WARN] [FML]: Found FMLCorePluginContainsFMLMod marker in OpenModsLib-1.12.2-0.12.2.jar. This is not recommended, @Mods should be in a separate jar from the coremod.
[14:42:10] [main/WARN] [FML]: The coremod openmods.core.OpenModsCorePlugin does not have a MCVersion annotation, it may cause issues with this version of Minecraft
[14:42:10] [main/WARN] [FML]: The coremod OTGCorePlugin (com.pg85.otg.forge.asm.launch.OTGCorePlugin) is not signed!
[14:42:10] [main/WARN] [FML]: Found FMLCorePluginContainsFMLMod marker in Quark-r1.5-146.jar. This is not recommended, @Mods should be in a separate jar from the coremod.
[14:42:10] [main/WARN] [FML]: The coremod vazkii.quark.base.asm.LoadingPlugin does not have a MCVersion annotation, it may cause issues with this version of Minecraft
[14:42:10] [main/WARN] [FML]: The coremod LoadingPlugin (vazkii.quark.base.asm.LoadingPlugin) is not signed!
[14:42:10] [main/WARN] [FML]: Found FMLCorePluginContainsFMLMod marker in RandomThings-MC1.12.2-4.2.7.1.jar. This is not recommended, @Mods should be in a separate jar from the coremod.
[14:42:10] [main/WARN] [FML]: The coremod lumien.randomthings.asm.LoadingPlugin does not have a MCVersion annotation, it may cause issues with this version of Minecraft
[14:42:10] [main/WARN] [FML]: Found FMLCorePluginContainsFMLMod marker in ResourceLoader-MC1.12.1-1.5.3.jar. This is not recommended, @Mods should be in a separate jar from the coremod.
[14:42:10] [main/WARN] [FML]: The coremod lumien.resourceloader.asm.LoadingPlugin does not have a MCVersion annotation, it may cause issues with this version of Minecraft
[14:42:10] [main/WARN] [FML]: The coremod blusunrize.immersiveengineering.common.asm.IELoadingPlugin does not have a MCVersion annotation, it may cause issues with this version of Minecraft
[14:42:10] [main/INFO] [LaunchWrapper]: Loading tweak class name net.minecraftforge.fml.common.launcher.FMLInjectionAndSortingTweaker
[14:42:10] [main/INFO] [LaunchWrapper]: Loading tweak class name guichaguri.betterfps.tweaker.BetterFpsTweaker
[14:42:10] [main/INFO] [LaunchWrapper]: Loading tweak class name codechicken.asm.internal.Tweaker
[14:42:10] [main/INFO] [LaunchWrapper]: Loading tweak class name org.spongepowered.asm.launch.MixinTweaker
[14:42:10] [main/INFO] [mixin]: SpongePowered MIXIN Subsystem Version=0.7.11 Source=file:/C:/multimc/MultiMC/instances/turbo-modpack/.minecraft/mods/JustEnoughIDs-1.0.2-26.jar Service=LaunchWrapper Env=CLIENT
[14:42:10] [main/WARN] [FML]: The coremod JEIDLoadingPlugin (org.dimdev.jeid.JEIDLoadingPlugin) is not signed!
[14:42:10] [main/INFO] [mixin]: Compatibility level set to JAVA_8
[14:42:10] [main/WARN] [FML]: The coremod net.malisis.core.asm.MalisisCorePlugin does not have a MCVersion annotation, it may cause issues with this version of Minecraft
[14:42:10] [main/WARN] [FML]: The coremod MalisisCorePlugin (net.malisis.core.asm.MalisisCorePlugin) is not signed!
[14:42:10] [main/WARN] [FML]: The coremod com.elytradev.movingworld.common.asm.coremod.MovingWorldCoreMod does not have a MCVersion annotation, it may cause issues with this version of Minecraft
[14:42:10] [main/WARN] [FML]: The coremod MovingWorldCore (com.elytradev.movingworld.common.asm.coremod.MovingWorldCoreMod) is not signed!
[14:42:10] [main/ERROR] [mixin]: Mixin config mixins.movingworld.json does not specify "minVersion" property
[14:42:10] [main/WARN] [LaunchWrapper]: Tweak class name org.spongepowered.asm.launch.MixinTweaker has already been visited -- skipping
[14:42:10] [main/WARN] [LaunchWrapper]: Tweak class name org.spongepowered.asm.launch.MixinTweaker has already been visited -- skipping
[14:42:10] [main/INFO] [LaunchWrapper]: Loading tweak class name net.minecraftforge.fml.common.launcher.FMLDeobfTweaker
[14:42:10] [main/INFO] [LaunchWrapper]: Calling tweak class net.minecraftforge.fml.common.launcher.FMLInjectionAndSortingTweaker
[14:42:10] [main/INFO] [LaunchWrapper]: Calling tweak class net.minecraftforge.fml.common.launcher.FMLInjectionAndSortingTweaker
[14:42:10] [main/INFO] [LaunchWrapper]: Calling tweak class net.minecraftforge.fml.relauncher.CoreModManager$FMLPluginWrapper
[14:42:12] [main/INFO] [FML]: Found valid fingerprint for Minecraft Forge. Certificate fingerprint e3c3d50c7c986df74c645c0ac54639741c90a557
[14:42:12] [main/INFO] [FML]: Found valid fingerprint for Minecraft. Certificate fingerprint cd99959656f753dc28d863b46769f7f8fbaefcfc
[14:42:12] [main/INFO] [LaunchWrapper]: Calling tweak class net.minecraftforge.fml.relauncher.CoreModManager$FMLPluginWrapper
[14:42:12] [main/INFO] [LaunchWrapper]: Calling tweak class net.minecraftforge.fml.relauncher.CoreModManager$FMLPluginWrapper
[14:42:12] [main/INFO] [LaunchWrapper]: Calling tweak class net.minecraftforge.fml.relauncher.CoreModManager$FMLPluginWrapper
[14:42:12] [main/INFO] [LaunchWrapper]: Calling tweak class net.minecraftforge.fml.relauncher.CoreModManager$FMLPluginWrapper
[14:42:12] [main/INFO] [LaunchWrapper]: Calling tweak class net.minecraftforge.fml.relauncher.CoreModManager$FMLPluginWrapper
[14:42:12] [main/INFO] [Aroma1997Core]: Finished data injection.
[14:42:12] [main/INFO] [Aroma1997Core]: Finished data injection.
[14:42:12] [main/INFO] [LaunchWrapper]: Calling tweak class net.minecraftforge.fml.relauncher.CoreModManager$FMLPluginWrapper
[14:42:12] [main/INFO] [LaunchWrapper]: Calling tweak class net.minecraftforge.fml.relauncher.CoreModManager$FMLPluginWrapper
[14:42:12] [main/INFO] [LaunchWrapper]: Calling tweak class net.minecraftforge.fml.relauncher.CoreModManager$FMLPluginWrapper
[14:42:12] [main/INFO] [LaunchWrapper]: Calling tweak class net.minecraftforge.fml.relauncher.CoreModManager$FMLPluginWrapper
[14:42:12] [main/INFO] [LaunchWrapper]: Calling tweak class net.minecraftforge.fml.relauncher.CoreModManager$FMLPluginWrapper
[14:42:12] [main/INFO] [LaunchWrapper]: Calling tweak class net.minecraftforge.fml.relauncher.CoreModManager$FMLPluginWrapper
[14:42:12] [main/INFO] [LaunchWrapper]: Calling tweak class net.minecraftforge.fml.relauncher.CoreModManager$FMLPluginWrapper
[14:42:12] [main/INFO] [LaunchWrapper]: Calling tweak class codechicken.asm.internal.Tweaker
[14:42:12] [main/INFO] [STDOUT]: [codechicken.asm.internal.Tweaker:injectIntoClassLoader:30]: false
[14:42:12] [main/INFO] [LaunchWrapper]: Calling tweak class org.spongepowered.asm.launch.MixinTweaker
[14:42:12] [main/ERROR] [mixin]: Mixin config mixins.movingworld.json does not specify "minVersion" property
[14:42:12] [main/INFO] [mixin]: Initialised Mixin FML Remapper Adapter with net.minecraftforge.fml.common.asm.transformers.deobf.FMLDeobfuscatingRemapper@65c86db8
[14:42:12] [main/INFO] [LaunchWrapper]: Calling tweak class net.minecraftforge.fml.relauncher.CoreModManager$FMLPluginWrapper
[14:42:12] [main/INFO] [LaunchWrapper]: Calling tweak class guichaguri.betterfps.tweaker.BetterFpsTweaker
[14:42:12] [main/INFO] [LaunchWrapper]: Calling tweak class net.minecraftforge.fml.common.launcher.FMLDeobfTweaker
[14:42:12] [main/ERROR] [LaunchWrapper]: A critical problem occurred registering the ASM transformer class 
java.lang.ClassNotFoundException: 
	at net.minecraft.launchwrapper.LaunchClassLoader.findClass(LaunchClassLoader.java:191) ~[launchwrapper-1.12.jar:?]
	at java.lang.ClassLoader.loadClass(Unknown Source) ~[?:1.8.0_191]
	at java.lang.ClassLoader.loadClass(Unknown Source) ~[?:1.8.0_191]
	at net.minecraft.launchwrapper.LaunchClassLoader.registerTransformer(LaunchClassLoader.java:88) [launchwrapper-1.12.jar:?]
	at net.minecraftforge.fml.common.launcher.FMLDeobfTweaker.injectIntoClassLoader(FMLDeobfTweaker.java:46) [forge-1.12.2-14.23.5.2836-universal.jar:?]
	at net.minecraft.launchwrapper.Launch.launch(Launch.java:115) [launchwrapper-1.12.jar:?]
	at net.minecraft.launchwrapper.Launch.main(Launch.java:28) [launchwrapper-1.12.jar:?]
	at sun.reflect.NativeMethodAccessorImpl.invoke0(Native Method) ~[?:1.8.0_191]
	at sun.reflect.NativeMethodAccessorImpl.invoke(Unknown Source) ~[?:1.8.0_191]
	at sun.reflect.DelegatingMethodAccessorImpl.invoke(Unknown Source) ~[?:1.8.0_191]
	at java.lang.reflect.Method.invoke(Unknown Source) ~[?:1.8.0_191]
	at org.multimc.onesix.OneSixLauncher.launchWithMainClass(OneSixLauncher.java:196) [NewLaunch.jar:?]
	at org.multimc.onesix.OneSixLauncher.launch(OneSixLauncher.java:231) [NewLaunch.jar:?]
	at org.multimc.EntryPoint.listen(EntryPoint.java:143) [NewLaunch.jar:?]
	at org.multimc.EntryPoint.main(EntryPoint.java:34) [NewLaunch.jar:?]
Caused by: java.lang.NullPointerException
	at net.minecraft.launchwrapper.LaunchClassLoader.findClass(LaunchClassLoader.java:182) ~[launchwrapper-1.12.jar:?]
	... 14 more
[14:42:12] [main/INFO] [LaunchWrapper]: Calling tweak class net.minecraftforge.fml.relauncher.CoreModManager$FMLPluginWrapper
[14:42:12] [main/INFO] [LaunchWrapper]: Calling tweak class net.minecraftforge.fml.relauncher.CoreModManager$FMLPluginWrapper
[14:42:12] [main/INFO] [LaunchWrapper]: Calling tweak class net.minecraftforge.fml.relauncher.CoreModManager$FMLPluginWrapper
[14:42:13] [main/INFO] [LaunchWrapper]: Calling tweak class net.minecraftforge.fml.relauncher.CoreModManager$FMLPluginWrapper
[14:42:13] [main/INFO] [LaunchWrapper]: Calling tweak class net.minecraftforge.fml.relauncher.CoreModManager$FMLPluginWrapper
[14:42:13] [main/INFO] [LaunchWrapper]: Calling tweak class net.minecraftforge.fml.relauncher.CoreModManager$FMLPluginWrapper
[14:42:13] [main/INFO] [LaunchWrapper]: Calling tweak class net.minecraftforge.fml.relauncher.CoreModManager$FMLPluginWrapper
[14:42:13] [main/INFO] [LaunchWrapper]: Calling tweak class net.minecraftforge.fml.relauncher.CoreModManager$FMLPluginWrapper
[14:42:13] [main/INFO] [LaunchWrapper]: Loading tweak class name net.minecraftforge.fml.common.launcher.TerminalTweaker
[14:42:13] [main/INFO] [LaunchWrapper]: Loading tweak class name org.spongepowered.asm.mixin.EnvironmentStateTweaker
[14:42:13] [main/INFO] [LaunchWrapper]: Calling tweak class net.minecraftforge.fml.common.launcher.TerminalTweaker
[14:42:13] [main/INFO] [LaunchWrapper]: Calling tweak class org.spongepowered.asm.mixin.EnvironmentStateTweaker
[14:42:13] [main/WARN] [mixin]: Reference map 'movingworld.mixin.refmap.json' for mixins.movingworld.json could not be read. If this is a development environment you can ignore this message
[14:42:13] [main/INFO] [mixin]: A re-entrant transformer '$wrapper.com.pg85.otg.forge.asm.OTGClassTransformer' was detected and will no longer process meta class data
[14:42:13] [main/INFO] [neid]: Patching class: "net.minecraftforge.registries.GameData" with Transformer Group: "TransformerGroupBlockHardcoredConstants"
[14:42:13] [main/INFO] [mixin]: A re-entrant transformer '$wrapper.ru.fewizz.neid.asm.Transformer' was detected and will no longer process meta class data
[14:42:13] [main/INFO] [mixin]: A re-entrant transformer '$wrapper.com.endertech.minecraft.mods.adchimneys.world.WorldData$BlockRandomTick' was detected and will no longer process meta class data
[14:42:13] [main/INFO] [mixin]: A re-entrant transformer '$wrapper.com.endertech.minecraft.mods.adpother.pollution.WorldData$BlockUpdateTick' was detected and will no longer process meta class data
[14:42:13] [main/INFO] [BetterFps]: Patching net.minecraft.block.Block... (aow)
[14:42:13] [main/INFO] [mixin]: A re-entrant transformer 'guichaguri.betterfps.transformers.PatcherTransformer' was detected and will no longer process meta class data
[14:42:13] [main/INFO] [mixin]: A re-entrant transformer '$wrapper.lumien.randomthings.asm.ClassTransformer' was detected and will no longer process meta class data
[14:42:13] [main/INFO] [STDOUT]: [team.chisel.ctm.client.asm.CTMTransformer:preTransform:230]: Transforming Class [net.minecraft.block.Block], Method [getExtendedState]
[14:42:13] [main/INFO] [STDOUT]: [team.chisel.ctm.client.asm.CTMTransformer:finishTransform:242]: Transforming net.minecraft.block.Block Finished.
[14:42:13] [main/INFO] [mixin]: A re-entrant transformer '$wrapper.zmaster587.advancedRocketry.asm.ClassTransformer' was detected and will no longer process meta class data
[14:42:13] [main/INFO] [Hammer Core [ASM]]: Transforming net.minecraft.world.World (amu)...
[14:42:13] [main/INFO] [Hammer Core [ASM]]:   -Patching World...
[14:42:13] [main/INFO] [mixin]: A re-entrant transformer '$wrapper.com.zeitheron.hammercore.asm.HammerCoreTransformer' was detected and will no longer process meta class data
[14:42:13] [main/INFO] [FML]: [Quark ASM] Transforming WorldServer
[14:42:13] [main/INFO] [FML]: [Quark ASM] Applying Transformation to method (Names [areAllPlayersAsleep, func_73056_e, g] Descriptor ()Z / ()Z)
[14:42:13] [main/INFO] [FML]: [Quark ASM] Located Method, patching...
[14:42:13] [main/INFO] [FML]: [Quark ASM] Located patch target node L0
[14:42:13] [main/INFO] [FML]: [Quark ASM] Patch result: true
[14:42:13] [main/INFO] [mixin]: A re-entrant transformer '$wrapper.vazkii.quark.base.asm.ClassTransformer' was detected and will no longer process meta class data
[14:42:13] [main/INFO] [STDOUT]: [team.chisel.ctm.client.asm.CTMTransformer:preTransform:230]: Transforming Class [net.minecraft.client.renderer.texture.TextureMap], Method [registerSprite]
[14:42:13] [main/INFO] [STDOUT]: [team.chisel.ctm.client.asm.CTMTransformer:finishTransform:242]: Transforming net.minecraft.client.renderer.texture.TextureMap Finished.
[14:42:14] [main/INFO] [EnderCore ASM]: Transforming Class [net.minecraft.client.renderer.RenderItem], Method [func_180453_a, func_184391_a]
[14:42:14] [main/INFO] [EnderCore ASM]: Transforming net.minecraft.client.renderer.RenderItem Finished.
[14:42:14] [main/INFO] [LaunchWrapper]: Launching wrapped minecraft {net.minecraft.client.main.Main}
[14:42:14] [main/INFO] [BetterFps]: Patching net.minecraft.client.Minecraft... (bib)
[14:42:14] [main/INFO] [Hammer Core [ASM]]: Transforming net.minecraft.world.World (amu)...
[14:42:14] [main/INFO] [Hammer Core [ASM]]:   -Patching World...
[14:42:14] [main/INFO] [EnderCore ASM]: Transforming net.minecraft.entity.player.EntityPlayer finished, added func_184613_cA() overriding EntityLivingBase
[14:42:14] [main/INFO] [Hammer Core [ASM]]: Transforming net.minecraft.entity.EntityLivingBase (vp)...
[14:42:14] [main/INFO] [Hammer Core [ASM]]:   -Patching EntityLivingBase
[14:42:14] [main/INFO] [Hammer Core [ASM]]:     -Modified method 'onItemUseFinish': added event call.
[14:42:14] [main/INFO] [BetterFps]: Patching net.minecraft.client.entity.EntityPlayerSP... (bud)
[14:42:14] [main/INFO] [FML]: [Quark ASM] Transforming WorldServer
[14:42:14] [main/INFO] [FML]: [Quark ASM] Applying Transformation to method (Names [areAllPlayersAsleep, func_73056_e, g] Descriptor ()Z / ()Z)
[14:42:14] [main/INFO] [FML]: [Quark ASM] Located Method, patching...
[14:42:14] [main/INFO] [FML]: [Quark ASM] Located patch target node L0
[14:42:14] [main/INFO] [FML]: [Quark ASM] Patch result: true
[14:42:14] [main/INFO] [Hammer Core [ASM]]: Transforming net.minecraftforge.client.ForgeHooksClient (net.minecraftforge.client.ForgeHooksClient)...
[14:42:14] [main/INFO] [Hammer Core [ASM]]:   -Patching ForgeHooksClient
[14:42:14] [main/INFO] [STDOUT]: [team.chisel.ctm.client.asm.CTMTransformer:preTransform:230]: Transforming Class [net.minecraftforge.client.ForgeHooksClient], Method [getDamageModel]
[14:42:14] [main/INFO] [STDOUT]: [team.chisel.ctm.client.asm.CTMTransformer:finishTransform:242]: Transforming net.minecraftforge.client.ForgeHooksClient Finished.
[14:42:14] [main/INFO] [OpenComputers]: Successfully patched net/minecraft/entity/EntityLiving.recreateLeash.
[14:42:14] [Client thread/INFO] [net.minecraft.client.Minecraft]: Setting user: xXMagmaHDXx
[14:42:14] [Client thread/INFO] [neid]: Patching class: "net.minecraftforge.registries.GameData" with Transformer Group: "TransformerGroupBlockHardcoredConstants"
[14:42:14] [Client thread/INFO] [BetterFps]: Patching net.minecraft.block.Block... (aow)
[14:42:14] [Client thread/INFO] [neid]: Patching class: "net.minecraft.block.Block" with Transformer Group: "TransformerGroupBlockHardcoredConstants"
[14:42:14] [Client thread/INFO] [STDOUT]: [team.chisel.ctm.client.asm.CTMTransformer:preTransform:230]: Transforming Class [net.minecraft.block.Block], Method [getExtendedState]
[14:42:14] [Client thread/INFO] [STDOUT]: [team.chisel.ctm.client.asm.CTMTransformer:finishTransform:242]: Transforming net.minecraft.block.Block Finished.
[14:42:15] [Client thread/INFO] [STDERR]: [com.pg85.otg.forge.asm.OTGClassTransformer:transform:141]: java.lang.RuntimeException: OTG is not compatible with this version of Forge.
[14:42:15] [Client thread/INFO] [STDERR]: [com.pg85.otg.forge.asm.OTGClassTransformer:transform:141]: 	at com.pg85.otg.forge.asm.OTGClassTransformer.transformOnUpdateItem(OTGClassTransformer.java:580)
[14:42:15] [Client thread/INFO] [STDERR]: [com.pg85.otg.forge.asm.OTGClassTransformer:transform:141]: 	at com.pg85.otg.forge.asm.OTGClassTransformer.transform(OTGClassTransformer.java:104)
[14:42:15] [Client thread/INFO] [STDERR]: [com.pg85.otg.forge.asm.OTGClassTransformer:transform:141]: 	at com.pg85.otg.forge.asm.OTGClassTransformer.transform(OTGClassTransformer.java:65)
[14:42:15] [Client thread/INFO] [STDERR]: [com.pg85.otg.forge.asm.OTGClassTransformer:transform:141]: 	at net.minecraftforge.fml.common.asm.ASMTransformerWrapper$TransformerWrapper.transform(ASMTransformerWrapper.java:256)
[14:42:15] [Client thread/INFO] [STDERR]: [com.pg85.otg.forge.asm.OTGClassTransformer:transform:141]: 	at net.minecraft.launchwrapper.LaunchClassLoader.runTransformers(LaunchClassLoader.java:279)
[14:42:15] [Client thread/INFO] [STDERR]: [com.pg85.otg.forge.asm.OTGClassTransformer:transform:141]: 	at net.minecraft.launchwrapper.LaunchClassLoader.findClass(LaunchClassLoader.java:176)
[14:42:15] [Client thread/INFO] [STDERR]: [com.pg85.otg.forge.asm.OTGClassTransformer:transform:141]: 	at java.lang.ClassLoader.loadClass(Unknown Source)
[14:42:15] [Client thread/INFO] [STDERR]: [com.pg85.otg.forge.asm.OTGClassTransformer:transform:141]: 	at java.lang.ClassLoader.loadClass(Unknown Source)
[14:42:15] [Client thread/INFO] [STDERR]: [com.pg85.otg.forge.asm.OTGClassTransformer:transform:141]: 	at net.minecraft.init.Bootstrap.func_151354_b(Bootstrap.java:498)
[14:42:15] [Client thread/INFO] [STDERR]: [com.pg85.otg.forge.asm.OTGClassTransformer:transform:141]: 	at net.minecraft.client.Minecraft.<init>(Minecraft.java:365)
[14:42:15] [Client thread/INFO] [STDERR]: [com.pg85.otg.forge.asm.OTGClassTransformer:transform:141]: 	at net.minecraft.client.main.Main.main(SourceFile:123)
[14:42:15] [Client thread/INFO] [STDERR]: [com.pg85.otg.forge.asm.OTGClassTransformer:transform:141]: 	at sun.reflect.NativeMethodAccessorImpl.invoke0(Native Method)
[14:42:15] [Client thread/INFO] [STDERR]: [com.pg85.otg.forge.asm.OTGClassTransformer:transform:141]: 	at sun.reflect.NativeMethodAccessorImpl.invoke(Unknown Source)
[14:42:15] [Client thread/INFO] [STDERR]: [com.pg85.otg.forge.asm.OTGClassTransformer:transform:141]: 	at sun.reflect.DelegatingMethodAccessorImpl.invoke(Unknown Source)
[14:42:15] [Client thread/INFO] [STDERR]: [com.pg85.otg.forge.asm.OTGClassTransformer:transform:141]: 	at java.lang.reflect.Method.invoke(Unknown Source)
[14:42:15] [Client thread/INFO] [STDERR]: [com.pg85.otg.forge.asm.OTGClassTransformer:transform:141]: 	at net.minecraft.launchwrapper.Launch.launch(Launch.java:135)
[14:42:15] [Client thread/INFO] [STDERR]: [com.pg85.otg.forge.asm.OTGClassTransformer:transform:141]: 	at net.minecraft.launchwrapper.Launch.main(Launch.java:28)
[14:42:15] [Client thread/INFO] [STDERR]: [com.pg85.otg.forge.asm.OTGClassTransformer:transform:141]: 	at sun.reflect.NativeMethodAccessorImpl.invoke0(Native Method)
[14:42:15] [Client thread/INFO] [STDERR]: [com.pg85.otg.forge.asm.OTGClassTransformer:transform:141]: 	at sun.reflect.NativeMethodAccessorImpl.invoke(Unknown Source)
[14:42:15] [Client thread/INFO] [STDERR]: [com.pg85.otg.forge.asm.OTGClassTransformer:transform:141]: 	at sun.reflect.DelegatingMethodAccessorImpl.invoke(Unknown Source)
[14:42:15] [Client thread/INFO] [STDERR]: [com.pg85.otg.forge.asm.OTGClassTransformer:transform:141]: 	at java.lang.reflect.Method.invoke(Unknown Source)
[14:42:15] [Client thread/INFO] [STDERR]: [com.pg85.otg.forge.asm.OTGClassTransformer:transform:141]: 	at org.multimc.onesix.OneSixLauncher.launchWithMainClass(OneSixLauncher.java:196)
[14:42:15] [Client thread/INFO] [STDERR]: [com.pg85.otg.forge.asm.OTGClassTransformer:transform:141]: 	at org.multimc.onesix.OneSixLauncher.launch(OneSixLauncher.java:231)
[14:42:15] [Client thread/INFO] [STDERR]: [com.pg85.otg.forge.asm.OTGClassTransformer:transform:141]: 	at org.multimc.EntryPoint.listen(EntryPoint.java:143)
[14:42:15] [Client thread/INFO] [STDERR]: [com.pg85.otg.forge.asm.OTGClassTransformer:transform:141]: 	at org.multimc.EntryPoint.main(EntryPoint.java:34)
[14:42:15] [Client thread/INFO] [Hammer Core [ASM]]: Transforming net.minecraft.tileentity.TileEntityLockableLoot (awa)...
[14:42:15] [Client thread/INFO] [Hammer Core [ASM]]:   -Patching TileEntityLockableLoot
[14:42:15] [Client thread/INFO] [Hammer Core [ASM]]:     -Modified method 'fillWithLoot': added 'withPlayer(player)' after 'withLuck(player.getLuck())'
[14:42:15] [Client thread/INFO] [BetterFps]: Patching math utils with "RIVENS_HALF" algorithm
[14:42:15] [Client thread/INFO] [FML]: [Quark ASM] Transforming BlockPistonBase
[14:42:15] [Client thread/INFO] [FML]: [Quark ASM] Applying Transformation to method (Names [doMove, func_176319_a, a] Descriptor (Lnet/minecraft/world/World;Lnet/minecraft/util/math/BlockPos;Lnet/minecraft/util/EnumFacing;Z)Z / (Lamu;Let;Lfa;Z)Z)
[14:42:15] [Client thread/INFO] [FML]: [Quark ASM] Located Method, patching...
[14:42:15] [Client thread/INFO] [FML]: [Quark ASM] Located patch target node ALOAD 5
[14:42:15] [Client thread/INFO] [FML]: [Quark ASM] Patch result: true
[14:42:15] [Client thread/INFO] [FML]: [Quark ASM] Applying Transformation to method (Names [canPush, func_185646_a, a] Descriptor (Lnet/minecraft/block/state/IBlockState;Lnet/minecraft/world/World;Lnet/minecraft/util/math/BlockPos;Lnet/minecraft/util/EnumFacing;ZLnet/minecraft/util/EnumFacing;)Z / (Lawt;Lamu;Let;Lfa;ZLfa;)Z)
[14:42:15] [Client thread/INFO] [FML]: [Quark ASM] Located Method, patching...
[14:42:15] [Client thread/INFO] [FML]: [Quark ASM] Located patch target node INVOKEVIRTUAL aow.hasTileEntity (Lawt;)Z
[14:42:15] [Client thread/INFO] [FML]: [Quark ASM] Patch result: true
[14:42:15] [Client thread/INFO] [FML]: [Quark ASM] Transforming TileEntityPiston
[14:42:15] [Client thread/INFO] [FML]: [Quark ASM] Applying Transformation to method (Names [update, func_73660_a, e] Descriptor ()V / ()V)
[14:42:15] [Client thread/INFO] [FML]: [Quark ASM] Located Method, patching...
[14:42:15] [Client thread/INFO] [FML]: [Quark ASM] Located patch target node L0
[14:42:15] [Client thread/INFO] [FML]: [Quark ASM] Patch result: true
[14:42:15] [Client thread/INFO] [FML]: [Quark ASM] Applying Transformation to method (Names [clearPistonTileEntity, func_145866_f, j] Descriptor ()V / ()V)
[14:42:15] [Client thread/INFO] [FML]: [Quark ASM] Located Method, patching...
[14:42:15] [Client thread/INFO] [FML]: [Quark ASM] Located patch target node INVOKEVIRTUAL amu.a (Let;Lawt;I)Z
[14:42:15] [Client thread/INFO] [FML]: [Quark ASM] Patch result: true
[14:42:15] [Client thread/INFO] [FML]: [Quark ASM] Applying Transformation to method (Names [update, func_73660_a, e] Descriptor ()V / ()V)
[14:42:15] [Client thread/INFO] [FML]: [Quark ASM] Located Method, patching...
[14:42:15] [Client thread/INFO] [FML]: [Quark ASM] Located patch target node INVOKEVIRTUAL amu.a (Let;Lawt;I)Z
[14:42:15] [Client thread/INFO] [FML]: [Quark ASM] Patch result: true
[14:42:15] [Client thread/INFO] [BetterFps]: Patching net.minecraft.tileentity.TileEntityBeacon... (avh)
[14:42:15] [Client thread/INFO] [BetterFps]: Patching net.minecraft.block.BlockHopper... (arl)
[14:42:15] [Client thread/INFO] [BetterFps]: Patching net.minecraft.tileentity.TileEntityHopper... (avw)
[14:42:16] [Client thread/INFO] [EnderCore ASM]: Transforming net.minecraft.entity.player.EntityPlayer finished, added func_184613_cA() overriding EntityLivingBase
[14:42:16] [Client thread/INFO] [FML]: [Quark ASM] Transforming EntityBoat
[14:42:16] [Client thread/INFO] [FML]: [Quark ASM] Applying Transformation to method (Names [attackEntityFrom, func_70097_a, a] Descriptor (Lnet/minecraft/util/DamageSource;F)Z / (Lur;F)Z)
[14:42:16] [Client thread/INFO] [FML]: [Quark ASM] Located Method, patching...
[14:42:16] [Client thread/INFO] [FML]: [Quark ASM] Located patch target node POP
[14:42:16] [Client thread/INFO] [FML]: [Quark ASM] Patch result: true
[14:42:16] [Client thread/INFO] [FML]: [Quark ASM] Applying Transformation to method (Names [onUpdate, func_70071_h_, B_] Descriptor ()V / ()V)
[14:42:16] [Client thread/INFO] [FML]: [Quark ASM] Located Method, patching...
[14:42:16] [Client thread/INFO] [FML]: [Quark ASM] Located patch target node L0
[14:42:16] [Client thread/INFO] [FML]: [Quark ASM] Patch result: true
[14:42:16] [Client thread/INFO] [FML]: [Quark ASM] Transforming ItemBanner
[14:42:16] [Client thread/INFO] [FML]: [Quark ASM] Applying Transformation to method (Names [appendHoverTextFromTileEntityTag, func_185054_a, a] Descriptor (Lnet/minecraft/item/ItemStack;Ljava/util/List;)V / (Laip;Ljava/util/List;)V)
[14:42:16] [Client thread/INFO] [FML]: [Quark ASM] Located Method, patching...
[14:42:16] [Client thread/INFO] [FML]: [Quark ASM] Located patch target node BIPUSH 6
[14:42:16] [Client thread/INFO] [FML]: [Quark ASM] Patch result: true
